🚀 Starting Deployment for propflow-ai-483621 (propflow-app)...
🔐 Configuring Docker authentication...
WARNING: Your config file at [/Users/joeltorres/.docker/config.json] contains these credential helper entries:

{
  "credHelpers": {
    "gcr.io": "gcloud",
    "us.gcr.io": "gcloud",
    "eu.gcr.io": "gcloud",
    "asia.gcr.io": "gcloud",
    "staging-k8s.gcr.io": "gcloud",
    "marketplace.gcr.io": "gcloud",
    "us-east4-docker.pkg.dev": "gcloud"
  }
}
Adding credentials for: us-east4-docker.pkg.dev
gcloud credential helpers already registered correctly.
📦 Checking Artifact Registry...
Encryption: Google-managed key
Repository Size: 2288.016MB
createTime: '2026-01-09T22:23:00.733980Z'
description: Docker repository
format: DOCKER
mode: STANDARD_REPOSITORY
name: projects/propflow-ai-483621/locations/us-east4/repositories/propflow-repo
registryUri: us-east4-docker.pkg.dev/propflow-ai-483621/propflow-repo
satisfiesPzi: true
satisfiesPzs: true
updateTime: '2026-01-12T13:36:13.881024Z'
vulnerabilityScanningConfig:
  enablementState: SCANNING_DISABLED
  enablementStateReason: API containerscanning.googleapis.com is not enabled.
  lastEnableTime: '2026-01-09T22:23:00.203582306Z'
🔨 Building & Pushing Docker image (linux/amd64)...
#0 building with "desktop-linux" instance using docker driver

#1 [internal] load build definition from Dockerfile
#1 transferring dockerfile: 2.19kB done
#1 DONE 0.0s

#2 [auth] library/node:pull token for registry-1.docker.io
#2 DONE 0.0s

#3 [internal] load metadata for docker.io/library/node:20-alpine
#3 DONE 0.4s

#4 [internal] load .dockerignore
#4 transferring context: 278B 0.0s done
#4 DONE 0.0s

#5 [base 1/1] FROM docker.io/library/node:20-alpine@sha256:658d0f63e501824d6c23e06d4bb95c71e7d704537c9d9272f488ac03a370d448
#5 resolve docker.io/library/node:20-alpine@sha256:658d0f63e501824d6c23e06d4bb95c71e7d704537c9d9272f488ac03a370d448 0.0s done
#5 DONE 0.0s

#6 [internal] load build context
#6 transferring context: 710.06kB 0.5s done
#6 DONE 0.6s

#7 [deps 1/4] RUN apk add --no-cache libc6-compat
#7 CACHED

#8 [deps 2/4] WORKDIR /app
#8 CACHED

#9 [deps 3/4] COPY package.json package-lock.json* ./
#9 CACHED

#10 [deps 4/4] RUN npm install
#10 CACHED

#11 [builder 1/4] WORKDIR /app
#11 CACHED

#12 [builder 2/4] COPY --from=deps /app/node_modules ./node_modules
#12 CACHED

#13 [builder 3/4] COPY . .
#13 DONE 3.7s

#14 [builder 4/4] RUN npx next build
#14 3.133    ▲ Next.js 15.1.0
#14 3.134 
#14 3.168    Creating an optimized production build ...
#14 51.49  ✓ Compiled successfully
#14 51.51    Skipping validation of types
#14 51.51    Skipping linting
#14 52.19    Collecting page data ...
#14 53.91 No GOOGLE_APPLICATION_CREDENTIALS or GCP_CLIENT_EMAIL/PRIVATE_KEY found. Attempting ADC...
#14 53.91 No GOOGLE_APPLICATION_CREDENTIALS or GCP_CLIENT_EMAIL/PRIVATE_KEY found. Attempting ADC...
#14 53.94 No GOOGLE_APPLICATION_CREDENTIALS or GCP_CLIENT_EMAIL/PRIVATE_KEY found. Attempting ADC...
#14 53.95 No GOOGLE_APPLICATION_CREDENTIALS or GCP_CLIENT_EMAIL/PRIVATE_KEY found. Attempting ADC...
#14 53.98 No GOOGLE_APPLICATION_CREDENTIALS or GCP_CLIENT_EMAIL/PRIVATE_KEY found. Attempting ADC...
#14 54.01 No GOOGLE_APPLICATION_CREDENTIALS or GCP_CLIENT_EMAIL/PRIVATE_KEY found. Attempting ADC...
#14 54.03 No GOOGLE_APPLICATION_CREDENTIALS or GCP_CLIENT_EMAIL/PRIVATE_KEY found. Attempting ADC...
#14 54.03 No GOOGLE_APPLICATION_CREDENTIALS or GCP_CLIENT_EMAIL/PRIVATE_KEY found. Attempting ADC...
#14 54.10 No GOOGLE_APPLICATION_CREDENTIALS or GCP_CLIENT_EMAIL/PRIVATE_KEY found. Attempting ADC...
#14 54.23 No GOOGLE_APPLICATION_CREDENTIALS or GCP_CLIENT_EMAIL/PRIVATE_KEY found. Attempting ADC...
#14 54.29 No GOOGLE_APPLICATION_CREDENTIALS or GCP_CLIENT_EMAIL/PRIVATE_KEY found. Attempting ADC...
#14 69.30    Generating static pages (0/19) ...
#14 70.70 No GOOGLE_APPLICATION_CREDENTIALS or GCP_CLIENT_EMAIL/PRIVATE_KEY found. Attempting ADC...
#14 70.92    Generating static pages (4/19) 
#14 70.92    Generating static pages (9/19) 
#14 70.99    Generating static pages (14/19) 
#14 70.99  ✓ Generating static pages (19/19)
#14 71.97    Finalizing page optimization ...
#14 71.97    Collecting build traces ...
#14 95.68 
#14 95.69 Route (app)                               Size     First Load JS
#14 95.69 ┌ ƒ /                                     1.08 kB         129 kB
#14 95.69 ├ ƒ /_not-found                           990 B           106 kB
#14 95.69 ├ ƒ /api/ai/generate                      238 B           106 kB
#14 95.69 ├ ƒ /api/auth/error                       2.64 kB         130 kB
#14 95.69 ├ ƒ /api/contact                          238 B           106 kB
#14 95.69 ├ ƒ /api/health-db                        238 B           106 kB
#14 95.69 ├ ƒ /api/leases                           238 B           106 kB
#14 95.69 ├ ƒ /api/manager/stats                    238 B           106 kB
#14 95.69 ├ ƒ /api/managers                         238 B           106 kB
#14 95.69 ├ ƒ /api/notifications                    238 B           106 kB
#14 95.69 ├ ƒ /api/notifications/[id]/read          238 B           106 kB
#14 95.69 ├ ƒ /api/notifications/mark-all-read      238 B           106 kB
#14 95.69 ├ ƒ /api/owner/stats                      238 B           106 kB
#14 95.69 ├ ƒ /api/properties                       238 B           106 kB
#14 95.69 ├ ƒ /api/properties/parse                 238 B           106 kB
#14 95.69 ├ ƒ /api/properties/validate-code         238 B           106 kB
#14 95.69 ├ ƒ /api/reports/rent-roll                238 B           106 kB
#14 95.69 ├ ƒ /api/security/alert                   238 B           106 kB
#14 95.69 ├ ƒ /api/tenants                          238 B           106 kB
#14 95.69 ├ ƒ /api/tenants/me/managers              238 B           106 kB
#14 95.69 ├ ƒ /api/tenants/pending                  238 B           106 kB
#14 95.69 ├ ƒ /api/tenants/register                 238 B           106 kB
#14 95.69 ├ ƒ /api/user/me                          238 B           106 kB
#14 95.69 ├ ƒ /api/users/invite                     238 B           106 kB
#14 95.69 ├ ƒ /api/version                          238 B           106 kB
#14 95.69 ├ ƒ /communications                       4.37 kB         274 kB
#14 95.69 ├ ƒ /compliance                           2.78 kB         273 kB
#14 95.69 ├ ƒ /dashboard                            4.44 kB         373 kB
#14 95.69 ├ ƒ /dashboard/manager                    5.54 kB         115 kB
#14 95.69 ├ ƒ /dashboard/owner                      3.34 kB         372 kB
#14 95.69 ├ ƒ /dashboard/owner/billing              4.62 kB         274 kB
#14 95.69 ├ ƒ /dashboard/owner/insights             2.46 kB         272 kB
#14 95.69 ├ ƒ /dashboard/owner/utilities            4.95 kB         382 kB
#14 95.69 ├ ƒ /dashboard/tenant                     3.48 kB         273 kB
#14 95.69 ├ ƒ /dashboard/tenant/documents           2.81 kB         273 kB
#14 95.69 ├ ƒ /dashboard/tenant/payments            3.33 kB         273 kB
#14 95.69 ├ ƒ /dev-login                            3.41 kB         267 kB
#14 95.69 ├ ƒ /documents                            2.73 kB         272 kB
#14 95.69 ├ ƒ /login                                4.46 kB         276 kB
#14 95.69 ├ ƒ /maintenance                          3.11 kB         273 kB
#14 95.69 ├ ƒ /notifications                        1.94 kB         272 kB
#14 95.69 ├ ƒ /onboarding/tenant                    42.9 kB         167 kB
#14 95.69 ├ ƒ /properties                           9.54 kB         287 kB
#14 95.69 ├ ƒ /properties/[id]                      238 B           106 kB
#14 95.69 ├ ƒ /properties/[id]/financials           116 kB          386 kB
#14 95.69 ├ ƒ /settings                             2.96 kB         273 kB
#14 95.69 ├ ƒ /signup                               45.4 kB         317 kB
#14 95.69 └ ƒ /tenants                              3.94 kB         274 kB
#14 95.69 + First Load JS shared by all             105 kB
#14 95.69   ├ chunks/1517-2af488d7ebc0ceae.js       50.6 kB
#14 95.69   ├ chunks/4bd1b696-5de00f658f0f87b1.js   53 kB
#14 95.69   └ other shared chunks (total)           1.92 kB
#14 95.69 
#14 95.69 Route (pages)                             Size     First Load JS
#14 95.69 ─ ƒ /api/auth/[...nextauth]               0 B            95.3 kB
#14 95.69 + First Load JS shared by all             95.3 kB
#14 95.69   ├ chunks/framework-2ca1e106a5cda646.js  59.6 kB
#14 95.69   ├ chunks/main-a18d200fad3c1f54.js       33.8 kB
#14 95.69   └ other shared chunks (total)           1.9 kB
#14 95.69 
#14 95.69 ƒ  (Dynamic)  server-rendered on demand
#14 95.69 
#14 95.79 npm notice
#14 95.79 npm notice New major version of npm available! 10.8.2 -> 11.7.0
#14 95.79 npm notice Changelog: https://github.com/npm/cli/releases/tag/v11.7.0
#14 95.79 npm notice To update run: npm install -g npm@11.7.0
#14 95.79 npm notice
#14 DONE 95.9s

#15 [runner 2/7] RUN addgroup --system --gid 1001 nodejs
#15 CACHED

#16 [runner 3/7] RUN adduser --system --uid 1001 nextjs
#16 CACHED

#17 [runner 4/7] COPY --from=builder /app/public ./public
#17 CACHED

#18 [runner 5/7] COPY --from=builder --chown=nextjs:nodejs /app/.next ./.next
#18 DONE 0.6s

#19 [runner 6/7] COPY --from=builder /app/node_modules ./node_modules
#19 DONE 20.0s

#20 [runner 7/7] COPY --from=builder /app/package.json ./package.json
#20 DONE 0.6s

#21 exporting to image
#21 exporting layers
#21 exporting layers 43.8s done
#21 exporting manifest sha256:09c01a390343fa1141bc8eb3d60b1c676706850c3cb2a7b2dc68672df6dca0d4
#21 exporting manifest sha256:09c01a390343fa1141bc8eb3d60b1c676706850c3cb2a7b2dc68672df6dca0d4 done
#21 exporting config sha256:911356d11d4af7fb3351a7e74065b9dcea0ee5fd533a506646a51a1481e8cafe done
#21 exporting attestation manifest sha256:d7e6724f467f5301d443bcf7f2cbd71ba0c175ad3fb9a764180ab7e79cbdbc70 done
#21 exporting manifest list sha256:7a019c7698245818fcd1202b3ea00d5e2a443f2ca8d3922539963ba54d5d239c done
#21 naming to us-east4-docker.pkg.dev/propflow-ai-483621/propflow-repo/propflow-app:latest done
#21 pushing layers
#21 ...

#22 [auth] propflow-ai-483621/propflow-repo/propflow-app:pull,push token for us-east4-docker.pkg.dev
#22 DONE 0.0s

#21 exporting to image
#21 pushing layers 16.5s done
#21 pushing manifest for us-east4-docker.pkg.dev/propflow-ai-483621/propflow-repo/propflow-app:latest@sha256:7a019c7698245818fcd1202b3ea00d5e2a443f2ca8d3922539963ba54d5d239c
#21 pushing manifest for us-east4-docker.pkg.dev/propflow-ai-483621/propflow-repo/propflow-app:latest@sha256:7a019c7698245818fcd1202b3ea00d5e2a443f2ca8d3922539963ba54d5d239c 0.8s done
#21 DONE 61.3s

 [33m5 warnings found (use docker --debug to expand):
[0m - LegacyKeyValueFormat: "ENV key=value" should be used instead of legacy "ENV key value" format (line 23)
 - LegacyKeyValueFormat: "ENV key=value" should be used instead of legacy "ENV key value" format (line 57)
 - LegacyKeyValueFormat: "ENV key=value" should be used instead of legacy "ENV key value" format (line 58)
 - LegacyKeyValueFormat: "ENV key=value" should be used instead of legacy "ENV key value" format (line 72)
 - LegacyKeyValueFormat: "ENV key=value" should be used instead of legacy "ENV key value" format (line 73)
🚀 Deploying to Cloud Run...
Deploying container to Cloud Run service [[1mpropflow-app[m] in project [[1mpropflow-ai-483621[m] region [[1mus-east4[m]
Deploying...
Setting IAM Policy.............done
Creating Revision...................................................................................................................................................................................................................................................................................................................................................................................done
Routing traffic.....done
Done.
Service [[1mpropflow-app[m] revision [[1mpropflow-app-00018-z9x[m] has been deployed and is serving [1m100[m percent of traffic.
Service URL: [1mhttps://propflow-app-638502512734.us-east4.run.app[m
✅ Deployment Complete!
➡️  Firebase Hosting URL: https://propflow-ai-483621.web.app
➡️  Cloud Run Service: propflow-app
