[debug] [2026-01-08T20:08:30.393Z] ----------------------------------------------------------------------
[debug] [2026-01-08T20:08:30.401Z] Command:       /opt/homebrew/Cellar/node/25.2.1/bin/node /Users/alexandertaylor/.npm/_npx/7750544ccf494d8b/node_modules/.bin/firebase functions:delete ssrpropflowai483621 --region us-central1 --project propflow-ai-483621 --force
[debug] [2026-01-08T20:08:30.401Z] CLI Version:   15.2.1
[debug] [2026-01-08T20:08:30.401Z] Platform:      darwin
[debug] [2026-01-08T20:08:30.401Z] Node Version:  v25.2.1
[debug] [2026-01-08T20:08:30.401Z] Time:          Thu Jan 08 2026 14:08:30 GMT-0600 (Central Standard Time)
[debug] [2026-01-08T20:08:30.401Z] ----------------------------------------------------------------------
[debug] 
[debug] [2026-01-08T20:08:30.691Z] > command requires scopes: ["email","openid","https://www.googleapis.com/auth/cloudplatformprojects.readonly","https://www.googleapis.com/auth/firebase","https://www.googleapis.com/auth/cloud-platform"]
[debug] [2026-01-08T20:08:30.692Z] > authorizing via signed-in user (alexjtaylor1@gmail.com)
[debug] [2026-01-08T20:08:30.692Z] [iam] checking project propflow-ai-483621 for permissions ["cloudfunctions.functions.delete","cloudfunctions.functions.list","firebase.projects.get"]
[debug] [2026-01-08T20:08:30.693Z] Checked if tokens are valid: true, expires at: 1767906493186
[debug] [2026-01-08T20:08:30.693Z] Checked if tokens are valid: true, expires at: 1767906493186
[debug] [2026-01-08T20:08:30.693Z] >>> [apiv2][query] POST https://cloudresourcemanager.googleapis.com/v1/projects/propflow-ai-483621:testIamPermissions [none]
[debug] [2026-01-08T20:08:30.693Z] >>> [apiv2][(partial)header] POST https://cloudresourcemanager.googleapis.com/v1/projects/propflow-ai-483621:testIamPermissions x-goog-quota-user=projects/propflow-ai-483621
[debug] [2026-01-08T20:08:30.693Z] >>> [apiv2][body] POST https://cloudresourcemanager.googleapis.com/v1/projects/propflow-ai-483621:testIamPermissions {"permissions":["cloudfunctions.functions.delete","cloudfunctions.functions.list","firebase.projects.get"]}
[debug] [2026-01-08T20:08:30.887Z] <<< [apiv2][status] POST https://cloudresourcemanager.googleapis.com/v1/projects/propflow-ai-483621:testIamPermissions 200
[debug] [2026-01-08T20:08:30.887Z] <<< [apiv2][body] POST https://cloudresourcemanager.googleapis.com/v1/projects/propflow-ai-483621:testIamPermissions {"permissions":["cloudfunctions.functions.delete","cloudfunctions.functions.list","firebase.projects.get"]}
[debug] [2026-01-08T20:08:30.887Z] Checked if tokens are valid: true, expires at: 1767906493186
[debug] [2026-01-08T20:08:30.887Z] Checked if tokens are valid: true, expires at: 1767906493186
[debug] [2026-01-08T20:08:30.887Z] Checked if tokens are valid: true, expires at: 1767906493186
[debug] [2026-01-08T20:08:30.887Z] Checked if tokens are valid: true, expires at: 1767906493186
[debug] [2026-01-08T20:08:30.887Z] >>> [apiv2][query] GET https://firebase.googleapis.com/v1beta1/projects/propflow-ai-483621/adminSdkConfig [none]
[debug] [2026-01-08T20:08:30.888Z] >>> [apiv2][query] GET https://cloudfunctions.googleapis.com/v1/projects/propflow-ai-483621/locations/-/functions [none]
[debug] [2026-01-08T20:08:31.149Z] <<< [apiv2][status] GET https://firebase.googleapis.com/v1beta1/projects/propflow-ai-483621/adminSdkConfig 200
[debug] [2026-01-08T20:08:31.150Z] <<< [apiv2][body] GET https://firebase.googleapis.com/v1beta1/projects/propflow-ai-483621/adminSdkConfig {"projectId":"propflow-ai-483621","storageBucket":"propflow-ai-483621.firebasestorage.app"}
[debug] [2026-01-08T20:08:31.316Z] <<< [apiv2][status] GET https://cloudfunctions.googleapis.com/v1/projects/propflow-ai-483621/locations/-/functions 200
[debug] [2026-01-08T20:08:31.316Z] <<< [apiv2][body] GET https://cloudfunctions.googleapis.com/v1/projects/propflow-ai-483621/locations/-/functions {}
[debug] [2026-01-08T20:08:31.316Z] Checked if tokens are valid: true, expires at: 1767906493186
[debug] [2026-01-08T20:08:31.316Z] Checked if tokens are valid: true, expires at: 1767906493186
[debug] [2026-01-08T20:08:31.316Z] >>> [apiv2][query] GET https://cloudfunctions.googleapis.com/v2/projects/propflow-ai-483621/locations/-/functions filter=environment%3D%22GEN_2%22
[debug] [2026-01-08T20:08:31.719Z] <<< [apiv2][status] GET https://cloudfunctions.googleapis.com/v2/projects/propflow-ai-483621/locations/-/functions 200
[debug] [2026-01-08T20:08:31.720Z] <<< [apiv2][body] GET https://cloudfunctions.googleapis.com/v2/projects/propflow-ai-483621/locations/-/functions {"functions":[{"name":"projects/propflow-ai-483621/locations/us-east4/functions/ssrpropflowai483621","buildConfig":{"build":"projects/638502512734/locations/us-east4/builds/8891a6fc-85be-4e16-acce-0577f5f96319","runtime":"nodejs24","entryPoint":"ssrpropflowai483621","source":{"storageSource":{"bucket":"gcf-v2-sources-638502512734-us-east4","object":"ssrpropflowai483621/function-source.zip","generation":"1767901967810693"}},"environmentVariables":{"GOOGLE_NODE_RUN_SCRIPTS":""},"dockerRepository":"projects/propflow-ai-483621/locations/us-east4/repositories/gcf-artifacts","sourceProvenance":{"resolvedStorageSource":{"bucket":"gcf-v2-sources-638502512734-us-east4","object":"ssrpropflowai483621/function-source.zip","generation":"1767901967810693"}},"dockerRegistry":"ARTIFACT_REGISTRY","serviceAccount":"projects/propflow-ai-483621/serviceAccounts/638502512734-compute@developer.gserviceaccount.com","automaticUpdatePolicy":{}},"serviceConfig":{"service":"projects/propflow-ai-483621/locations/us-east4/services/ssrpropflowai483621","timeoutSeconds":60,"environmentVariables":{"DATABASE_URL":"postgresql://postgres:postgres@localhost:5432/propflow","NEXTAUTH_SECRET":"supersecret","NEXTAUTH_URL":"http://localhost:3000","NEXT_PUBLIC_GCP_PROJECT_ID":"propflow-ai-483621","GCP_REGION":"us-east5","GCP_CLIENT_EMAIL":"firebase-adminsdk-fbsvc@propflow-ai-483621.iam.gserviceaccount.com","GCP_PRIVATE_KEY":"-----BEGIN PRIVATE KEY-----\nMIIEvAIBADANBgkqhkiG9w0BAQEFAASCBKYwggSiAgEAAoIBAQDLBCJEBQgkEq2k\n01wCiqz1Oi3fA23oFDPqLax3peWLxvqCXgDBiSlkLvl7szqxMRl2hXulJ/JUXhDn\nCZbJPrL2G3CwhtGZ8XwqWEfquNxlTj5qu6jMlJNexqhpgytcbiwiviA2MpE1cPjp\ntTla5+m3k3hu4GxRa9bsnaVvAun20e3bKPFBI2hDf2AnpeQPIOrK2ODNcC/sumQW\nzEdverDd8xV+0SnpNNI5JC/mnh/8XjYz348aUc+NWT2CSohAcRN2lZFXxYT9HxdH\nRLTgwGzEomqHFAhSgiF64YKMOjBejwuMK2bY1xraAgEOoDY/owBk5fXOIiOA2wxJ\nDxAalv6JAgMBAAECggEAGHHqu1R8xrUuDez6RP8UNOH4wIPt8bYvCxlNTUnfQi2n\nH9f4UNV2c675UOUDoe7W0U/g08Hj2rdJ4zvjGV/QljQ3JTZSmi365LFlFXUFarhZ\naSon+NxCA3U5tZy69aH5dAR/Je+ATxZHjoKJAbJvkLBz3avttv8cbbjMwPlxmQu2\nhNVobkxGIsbNXpAALqxuikVXOf2fcxsivwokNj7+ZI0+eEJO5sZAYN7Em1w/heWS\nLiRihkSc++gsO1NB46GjEYLIaBYGcv5nqTj6vWDZe+Hw/L/1NqTOxPI2wFDxZSE7\n77+yqS7/kK4QXRsKd61NTwxHU/Cmh3bO91bOZC8BgQKBgQD04V3SZGniQrtHEeBX\nfv9pTSUMDYCY7mrvRIY5WoVAC4u55JTe5R3zfoiULIo05sXqxQwpJjJxGuRrqbXs\nh8Vz1wPRjr0zC18924wQA6ITTAdgEcjsr4xcaQSs0CfW+sy+iWVkvAHr1PXNydY0\nQv/irSlY4P2lsEb4LWzp/u92yQKBgQDUPB0CX1FAi5Eap5s0pGtFDAAqMEadXmXY\nbP8bQ8GerP6tmuhjJj6nacCEz64bJBfNLo7cetya9P5p57bumHKRzohR0prUodwu\ndfGYa0viiO8ZhVRB6/fCd1zp5VBo+agR89q3di2eLEn5gIQce+1I5sw2iRQ5Kng2\nyFclWqZpwQKBgAu3vQWUSHzLNKrx8Ao/yXkAeAVboAuxXOyWGtYjvryR0N3UUktY\nK1a7d02f0/00DcRuKWbOrRs8bjG4rTvkQ06Hu2cLrYIDyUrsdodNpTPHL5MpRrQM\nsmq5m7+pNj7TQXjcmj13wZ/HUPvH7LgTfKscHh5ipcCH7t1xTwTjbhIBAoGAdj2H\na+ruuacIEHGQZqOzn6Qv81EyBjqxQwJ2nhoBpQV8XfwPvC1yepLQTy3lMfnJyOZH\ncU6B2VLk6tvNbuA/9Du8dtl+qTgEE15iWyhr/qmLjAxcBN4SCqW1fhnj0phEqrvQ\n/qU4hQbnr7mJ4NSqPhNXcoqsWazvjJXQ916pmAECgYB7N9nhPRd/YQuujeb+34ss\nCaEjwoiP/qH9qAvG+GwmPDi9nhXPvExxXapcDf16M0wJz8cpcqjKeRNjMvWFZL1B\nB7vDaFDRc1SpAaRj+Py+LO+ROB3BCvMX+3sdzHs3b391yPcsvJZvvXBe6Gb3QRCL\n6TOO/chY3iBmUWX2+28CDg==\n-----END PRIVATE KEY-----\n","VERCEL_URL":"propflow-ai-483621.web.app","__FIREBASE_FRAMEWORKS_ENTRY__":"next.js","FIREBASE_CONFIG":"{\"projectId\":\"propflow-ai-483621\",\"storageBucket\":\"propflow-ai-483621.firebasestorage.app\"}","GCLOUD_PROJECT":"propflow-ai-483621","EVENTARC_CLOUD_EVENT_SOURCE":"projects/propflow-ai-483621/locations/us-east4/services/ssrpropflowai483621","FUNCTION_TARGET":"ssrpropflowai483621","LOG_EXECUTION_ID":"true"},"ingressSettings":"ALLOW_ALL","uri":"https://ssrpropflowai483621-cjbf6ipb3a-uk.a.run.app","serviceAccountEmail":"638502512734-compute@developer.gserviceaccount.com","availableMemory":"256Mi","allTrafficOnLatestRevision":true,"revision":"ssrpropflowai483621-00001-cig","maxInstanceRequestConcurrency":80,"availableCpu":"1"},"state":"ACTIVE","updateTime":"2026-01-08T19:57:00.254923615Z","labels":{"deployment-tool":"cli-firebase","firebase-functions-codebase":"firebase-frameworks-propflow-ai-483621","firebase-functions-hash":"5fac180829170588a331d2962a0c88f12d041a5f"},"environment":"GEN_2","url":"https://us-east4-propflow-ai-483621.cloudfunctions.net/ssrpropflowai483621","satisfiesPzs":true,"createTime":"2026-01-08T19:52:48.095823633Z","satisfiesPzi":true}]}
[debug] [2026-01-08T20:08:31.723Z] TypeError: Cannot convert undefined or null to object
    at Object.values (<anonymous>)
    at /Users/alexandertaylor/.npm/_npx/7750544ccf494d8b/node_modules/firebase-tools/lib/deploy/functions/backend.js:282:37
    at Array.reduce (<anonymous>)
    at allEndpoints (/Users/alexandertaylor/.npm/_npx/7750544ccf494d8b/node_modules/firebase-tools/lib/deploy/functions/backend.js:281:45)
    at Object.matchingBackend (/Users/alexandertaylor/.npm/_npx/7750544ccf494d8b/node_modules/firebase-tools/lib/deploy/functions/backend.js:305:28)
    at Object.createDeploymentPlan (/Users/alexandertaylor/.npm/_npx/7750544ccf494d8b/node_modules/firebase-tools/lib/deploy/functions/release/planner.js:85:27)
    at Command.actionFn (/Users/alexandertaylor/.npm/_npx/7750544ccf494d8b/node_modules/firebase-tools/lib/commands/functions-delete.js:43:26)
    at process.processTicksAndRejections (node:internal/process/task_queues:103:5)
[error] 
[error] Error: An unexpected error has occurred.
